<?xml version="1.0" encoding="UTF-8"?>
<!-- Generated by org.testng.reporters.JUnitReportReporter -->
<testsuite hostname="Battlestar" failures="0" tests="4" name="com.capgemini.rest.tests.better.CreatePetTests" time="6.519" errors="0" timestamp="16 cze 2019 07:49:33 GMT" skipped="0">
  <testcase classname="com.capgemini.rest.tests.better.CreatePetTests" name="asUserDeleteCreatedPetTest" time="0.711"/>
  <testcase classname="com.capgemini.rest.tests.better.CreatePetTests" name="asUserUpdateCreatedPetTest" time="1.200"/>
  <testcase classname="com.capgemini.rest.tests.better.CreatePetTests" name="asUserGetCreatedPetTest" time="0.794"/>
  <testcase classname="com.capgemini.rest.tests.better.CreatePetTests" name="asUserCreateNewPetTest" time="3.814"/>
</testsuite> <!-- com.capgemini.rest.tests.better.CreatePetTests -->
