<?xml version="1.0" encoding="UTF-8"?>
<!-- Generated by org.testng.reporters.JUnitReportReporter -->
<testsuite hostname="Battlestar" failures="0" tests="1" name="com.capgemini.rest.tests.initial.PostApiTest" time="0.676" errors="0" timestamp="16 cze 2019 07:49:33 GMT" skipped="0">
  <testcase classname="com.capgemini.rest.tests.initial.PostApiTest" name="postApiTest" time="0.676"/>
</testsuite> <!-- com.capgemini.rest.tests.initial.PostApiTest -->
