<?xml version="1.0" encoding="UTF-8"?>
<!-- Generated by org.testng.reporters.JUnitReportReporter -->
<testsuite hostname="Battlestar" failures="0" tests="2" name="com.capgemini.tests.petstore.search.PetStoreSearchTests" time="10.833" errors="0" timestamp="16 cze 2019 07:49:32 GMT" skipped="0">
  <testcase classname="com.capgemini.tests.petstore.search.PetStoreSearchTests" name="asNonRegisteredUserSearchForArticleInPetStoreTest" time="6.357"/>
  <testcase classname="com.capgemini.tests.petstore.search.PetStoreSearchTests" name="asNonRegisteredUserSearchForArticleInPetStoreTest" time="4.476"/>
</testsuite> <!-- com.capgemini.tests.petstore.search.PetStoreSearchTests -->
