<?xml version="1.0" encoding="UTF-8"?>
<!-- Generated by org.testng.reporters.JUnitReportReporter -->
<testsuite hostname="Battlestar" failures="0" tests="1" name="com.capgemini.rest.tests.initial.DeleteApiTest" time="1.293" errors="0" timestamp="16 cze 2019 07:49:32 GMT" skipped="0">
  <testcase classname="com.capgemini.rest.tests.initial.DeleteApiTest" name="deleteApiTest" time="1.293"/>
</testsuite> <!-- com.capgemini.rest.tests.initial.DeleteApiTest -->
