<?xml version="1.0" encoding="UTF-8"?>
<!-- Generated by org.testng.reporters.JUnitReportReporter -->
<testsuite hostname="Battlestar" failures="0" tests="1" name="com.capgemini.rest.tests.initial.PutApiTest" time="1.283" errors="0" timestamp="16 cze 2019 07:49:33 GMT" skipped="0">
  <testcase classname="com.capgemini.rest.tests.initial.PutApiTest" name="putApiTest" time="1.283"/>
</testsuite> <!-- com.capgemini.rest.tests.initial.PutApiTest -->
