<?xml version="1.0" encoding="UTF-8"?>
<!-- Generated by org.testng.reporters.JUnitReportReporter -->
<testsuite hostname="Battlestar" failures="0" tests="1" name="com.capgemini.tests.login.LoginTest" time="7.996" errors="0" timestamp="16 cze 2019 07:49:33 GMT" skipped="0">
  <testcase classname="com.capgemini.tests.login.LoginTest" name="asUserTryToLoginWithIncorrectCredentialsTest" time="7.996"/>
</testsuite> <!-- com.capgemini.tests.login.LoginTest -->
